TN:
SF:C:/Users/sony/Documents/GitHub/stackoverflow-clone/server/app.js
FN:17,(anonymous_1)
FN:32,(anonymous_2)
FN:34,(anonymous_3)
FN:40,(anonymous_4)
FNF:4
FNH:3
FNDA:1,(anonymous_1)
FNDA:1,(anonymous_2)
FNDA:0,(anonymous_3)
FNDA:1,(anonymous_4)
DA:1,1
DA:2,1
DA:3,1
DA:4,1
DA:5,1
DA:8,1
DA:9,1
DA:11,1
DA:13,1
DA:15,1
DA:17,1
DA:18,1
DA:26,1
DA:29,1
DA:33,1
DA:35,0
DA:36,0
DA:40,1
DA:41,1
LF:19
LH:17
BRF:0
BRH:0
end_of_record
TN:
SF:C:/Users/sony/Documents/GitHub/stackoverflow-clone/server/config/config.js
FNF:0
FNH:0
DA:1,1
LF:1
LH:1
BRF:0
BRH:0
end_of_record
TN:
SF:C:/Users/sony/Documents/GitHub/stackoverflow-clone/server/controllers/answers.js
FN:12,postAnswer
FN:15,(anonymous_4)
FN:23,(anonymous_5)
FN:32,(anonymous_6)
FNF:4
FNH:0
FNDA:0,postAnswer
FNDA:0,(anonymous_4)
FNDA:0,(anonymous_5)
FNDA:0,(anonymous_6)
DA:1,1
DA:2,1
DA:3,1
DA:13,0
DA:14,0
DA:16,0
DA:17,0
DA:22,0
DA:25,0
DA:26,0
DA:33,0
LF:11
LH:3
BRDA:16,0,0,0
BRDA:16,0,1,0
BRF:2
BRH:0
end_of_record
TN:
SF:C:/Users/sony/Documents/GitHub/stackoverflow-clone/server/controllers/query.js
FN:6,textSearch
FN:24,(anonymous_2)
FN:37,(anonymous_3)
FN:50,(anonymous_4)
FNF:4
FNH:0
FNDA:0,textSearch
FNDA:0,(anonymous_2)
FNDA:0,(anonymous_3)
FNDA:0,(anonymous_4)
DA:1,1
DA:2,1
DA:3,1
DA:6,1
DA:7,0
DA:9,0
DA:10,0
DA:16,0
DA:17,0
DA:25,0
DA:29,0
DA:30,0
DA:38,0
DA:42,0
DA:43,0
DA:51,0
LF:16
LH:4
BRDA:9,0,0,0
BRDA:9,0,1,0
BRDA:16,1,0,0
BRDA:16,1,1,0
BRDA:29,2,0,0
BRDA:29,2,1,0
BRDA:42,3,0,0
BRDA:42,3,1,0
BRF:8
BRH:0
end_of_record
TN:
SF:C:/Users/sony/Documents/GitHub/stackoverflow-clone/server/controllers/questions.js
FN:12,postQuestion
FN:16,(anonymous_4)
FN:35,getAllQuestions
FN:37,(anonymous_6)
FN:42,(anonymous_7)
FN:54,voteQuestion
FN:57,(anonymous_9)
FN:68,(anonymous_10)
FN:77,(anonymous_11)
FN:90,subscribeQuestion
FN:93,(anonymous_13)
FN:101,(anonymous_14)
FN:105,(anonymous_15)
FN:114,(anonymous_16)
FNF:14
FNH:4
FNDA:1,postQuestion
FNDA:1,(anonymous_4)
FNDA:1,getAllQuestions
FNDA:1,(anonymous_6)
FNDA:0,(anonymous_7)
FNDA:0,voteQuestion
FNDA:0,(anonymous_9)
FNDA:0,(anonymous_10)
FNDA:0,(anonymous_11)
FNDA:0,subscribeQuestion
FNDA:0,(anonymous_13)
FNDA:0,(anonymous_14)
FNDA:0,(anonymous_15)
FNDA:0,(anonymous_16)
DA:1,1
DA:2,1
DA:3,1
DA:12,1
DA:13,1
DA:14,1
DA:15,1
DA:17,1
DA:24,0
DA:36,1
DA:38,1
DA:43,0
DA:55,0
DA:56,0
DA:58,0
DA:59,0
DA:64,0
DA:65,0
DA:69,0
DA:70,0
DA:78,0
DA:91,0
DA:92,0
DA:94,0
DA:95,0
DA:100,0
DA:102,0
DA:106,0
DA:107,0
DA:108,0
DA:112,0
DA:115,0
LF:32
LH:10
BRDA:44,0,0,0
BRDA:44,0,1,0
BRDA:58,1,0,0
BRDA:58,1,1,0
BRDA:66,2,0,0
BRDA:66,2,1,0
BRDA:69,3,0,0
BRDA:69,3,1,0
BRDA:79,4,0,0
BRDA:79,4,1,0
BRDA:94,5,0,0
BRDA:94,5,1,0
BRDA:106,6,0,0
BRDA:106,6,1,0
BRDA:116,7,0,0
BRDA:116,7,1,0
BRF:16
BRH:0
end_of_record
TN:
SF:C:/Users/sony/Documents/GitHub/stackoverflow-clone/server/controllers/users.js
FN:11,signup
FN:13,(anonymous_4)
FN:35,login
FN:39,(anonymous_6)
FN:67,(anonymous_7)
FNF:5
FNH:4
FNDA:1,signup
FNDA:1,(anonymous_4)
FNDA:4,login
FNDA:4,(anonymous_6)
FNDA:0,(anonymous_7)
DA:1,1
DA:2,1
DA:12,1
DA:14,1
DA:20,1
DA:35,4
DA:36,4
DA:38,4
DA:40,4
DA:41,1
DA:46,3
DA:47,3
DA:48,1
DA:53,2
DA:60,2
DA:68,0
DA:69,0
LF:17
LH:15
BRDA:40,0,0,1
BRDA:40,0,1,3
BRDA:47,1,0,1
BRDA:47,1,1,2
BRF:4
BRH:4
end_of_record
TN:
SF:C:/Users/sony/Documents/GitHub/stackoverflow-clone/server/middleware/inputValidator.js
FN:33,(anonymous_1)
FN:34,(anonymous_2)
FN:69,validateParam
FN:82,validationHandler
FN:85,(anonymous_5)
FNF:5
FNH:4
FNDA:3,(anonymous_1)
FNDA:3,(anonymous_2)
FNDA:0,validateParam
FNDA:12,validationHandler
FNDA:10,(anonymous_5)
DA:1,1
DA:2,1
DA:4,1
DA:6,1
DA:20,1
DA:34,3
DA:35,3
DA:43,1
DA:54,1
DA:61,1
DA:69,1
DA:70,0
DA:71,0
DA:72,0
DA:73,0
DA:75,0
DA:82,1
DA:83,12
DA:84,12
DA:85,10
DA:87,6
DA:91,1
LF:22
LH:17
BRDA:35,0,0,0
BRDA:35,0,1,3
BRDA:84,1,0,6
BRDA:84,1,1,6
BRF:4
BRH:3
end_of_record
TN:
SF:C:/Users/sony/Documents/GitHub/stackoverflow-clone/server/middleware/verifyToken.js
FN:17,verifyToken
FN:47,(anonymous_2)
FNF:2
FNH:2
FNDA:3,verifyToken
FNDA:3,(anonymous_2)
DA:1,1
DA:2,1
DA:17,1
DA:18,3
DA:19,3
DA:20,0
DA:21,0
DA:22,0
DA:25,3
DA:26,0
DA:27,0
DA:28,0
DA:31,3
DA:33,3
DA:34,3
DA:36,0
DA:37,0
DA:38,0
DA:39,0
DA:41,0
DA:42,0
DA:43,0
DA:46,3
DA:48,3
DA:49,0
DA:54,3
DA:55,3
DA:56,3
DA:57,3
LF:29
LH:15
BRDA:19,0,0,0
BRDA:19,0,1,3
BRDA:25,1,0,0
BRDA:25,1,1,3
BRDA:25,2,0,3
BRDA:25,2,1,3
BRDA:36,3,0,0
BRDA:36,3,1,0
BRDA:48,4,0,0
BRDA:48,4,1,3
BRF:10
BRH:5
end_of_record
TN:
SF:C:/Users/sony/Documents/GitHub/stackoverflow-clone/server/models/answer.js
FN:23,transform
FNF:1
FNH:0
FNDA:0,transform
DA:1,1
DA:2,1
DA:4,1
DA:22,1
DA:24,0
DA:25,0
DA:29,1
DA:31,1
LF:8
LH:6
BRF:0
BRH:0
end_of_record
TN:
SF:C:/Users/sony/Documents/GitHub/stackoverflow-clone/server/models/question.js
FN:5,(anonymous_1)
FN:5,_callee
FN:38,transform
FN:45,(anonymous_6)
FNF:4
FNH:2
FNDA:1,(anonymous_1)
FNDA:0,_callee
FNDA:14,transform
FNDA:0,(anonymous_6)
DA:1,1
DA:2,1
DA:5,3
DA:6,0
DA:10,0
DA:17,1
DA:37,1
DA:39,14
DA:43,1
DA:45,1
DA:46,0
DA:50,1
LF:12
LH:9
BRDA:5,0,0,0
BRDA:5,0,1,0
BRDA:5,0,2,0
BRDA:5,0,3,0
BRDA:5,0,4,0
BRF:5
BRH:0
end_of_record
TN:
SF:C:/Users/sony/Documents/GitHub/stackoverflow-clone/server/models/subscriber.js
FN:20,transform
FNF:1
FNH:0
FNDA:0,transform
DA:1,1
DA:2,1
DA:4,1
DA:19,1
DA:21,0
DA:22,0
DA:26,1
DA:28,1
LF:8
LH:6
BRF:0
BRH:0
end_of_record
TN:
SF:C:/Users/sony/Documents/GitHub/stackoverflow-clone/server/models/user.js
FN:35,(anonymous_1)
FN:35,_callee
FN:35,save
FN:51,transform
FN:62,(anonymous_6)
FNF:5
FNH:5
FNDA:1,(anonymous_1)
FNDA:5,_callee
FNDA:1,save
FNDA:1,transform
FNDA:3,(anonymous_6)
DA:1,1
DA:2,1
DA:3,1
DA:5,1
DA:35,20
DA:36,1
DA:41,1
DA:42,1
DA:50,1
DA:52,1
DA:53,1
DA:54,1
DA:59,1
DA:62,1
DA:63,3
DA:64,3
DA:65,1
DA:69,1
LF:18
LH:18
BRDA:35,0,0,1
BRDA:35,0,1,1
BRDA:35,0,2,1
BRDA:35,0,3,1
BRDA:35,0,4,0
BRDA:35,0,5,0
BRDA:35,0,6,1
BRDA:35,1,0,1
BRDA:35,1,1,0
BRDA:64,2,0,1
BRDA:64,2,1,2
BRF:11
BRH:8
end_of_record
TN:
SF:C:/Users/sony/Documents/GitHub/stackoverflow-clone/server/models/vote.js
FN:22,transform
FNF:1
FNH:0
FNDA:0,transform
DA:1,1
DA:2,1
DA:4,1
DA:21,1
DA:23,0
DA:24,0
DA:25,0
DA:29,1
LF:8
LH:5
BRF:0
BRH:0
end_of_record
TN:
SF:C:/Users/sony/Documents/GitHub/stackoverflow-clone/server/routes/index.js
FNF:0
FNH:0
DA:1,1
DA:2,1
DA:3,1
DA:4,1
DA:5,1
DA:6,1
DA:7,1
DA:11,1
DA:13,1
DA:18,1
DA:23,1
DA:26,1
DA:28,1
DA:30,1
DA:36,1
DA:42,1
DA:48,1
LF:17
LH:17
BRF:0
BRH:0
end_of_record
TN:
SF:C:/Users/sony/Documents/GitHub/stackoverflow-clone/server/test/controllers/auth/index.js
FNF:0
FNH:0
DA:1,1
DA:2,1
LF:2
LH:2
BRF:0
BRH:0
end_of_record
TN:
SF:C:/Users/sony/Documents/GitHub/stackoverflow-clone/server/test/controllers/questions/index.js
FNF:0
FNH:0
DA:1,1
DA:2,1
LF:2
LH:2
BRF:0
BRH:0
end_of_record
TN:
SF:C:/Users/sony/Documents/GitHub/stackoverflow-clone/server/utils/emailSender.js
FN:10,sendEmail
FN:17,(anonymous_2)
FNF:2
FNH:0
FNDA:0,sendEmail
FNDA:0,(anonymous_2)
DA:1,1
DA:3,1
DA:10,1
DA:11,0
DA:17,0
DA:18,0
DA:19,0
LF:7
LH:3
BRDA:18,0,0,0
BRDA:18,0,1,0
BRF:2
BRH:0
end_of_record
TN:
SF:C:/Users/sony/Documents/GitHub/stackoverflow-clone/server/utils/subscription.js
FN:5,checkSubscription
FN:7,(anonymous_2)
FN:10,(anonymous_3)
FNF:3
FNH:0
FNDA:0,checkSubscription
FNDA:0,(anonymous_2)
FNDA:0,(anonymous_3)
DA:1,1
DA:2,1
DA:5,1
DA:6,0
DA:8,0
DA:9,0
DA:10,0
LF:7
LH:3
BRF:0
BRH:0
end_of_record
